=== RUN   TestBasicAgree3B
Test (3B): basic agreement ...
  ... Passed --   1.5  3   16    4000    3
--- PASS: TestBasicAgree3B (1.53s)
=== RUN   TestRPCBytes3B
Test (3B): RPC byte count ...
  ... Passed --   3.9  3   48  112652   11
--- PASS: TestRPCBytes3B (3.94s)
=== RUN   TestFollowerFailure3B
Test (3B): test progressive failure of followers ...
  ... Passed --   5.4  3   84   17206    3
--- PASS: TestFollowerFailure3B (5.37s)
=== RUN   TestLeaderFailure3B
Test (3B): test failure of leaders ...
  ... Passed --   5.9  3  132   28162    3
--- PASS: TestLeaderFailure3B (5.91s)
=== RUN   TestFailAgree3B
Test (3B): agreement after follower reconnects ...
  ... Passed --   6.9  3   90   21645    8
--- PASS: TestFailAgree3B (6.91s)
=== RUN   TestFailNoAgree3B
Test (3B): no agreement if too many followers disconnect ...
  ... Passed --   4.2  5  140   28166    4
--- PASS: TestFailNoAgree3B (4.23s)
=== RUN   TestConcurrentStarts3B
Test (3B): concurrent Start()s ...
  ... Passed --   1.3  3   12    3008    6
--- PASS: TestConcurrentStarts3B (1.34s)
=== RUN   TestRejoin3B
Test (3B): rejoin of partitioned leader ...
  ... Passed --   7.5  3  136   31467    4
--- PASS: TestRejoin3B (7.47s)
=== RUN   TestBackup3B
Test (3B): leader backs up quickly over incorrect follower logs ...
  ... Passed --  49.4  5 2568 1985106  108
--- PASS: TestBackup3B (49.44s)
=== RUN   TestCount3B
Test (3B): RPC counts aren't too high ...
  ... Passed --   2.9  3   34    8792   12
--- PASS: TestCount3B (2.87s)
PASS
ok  	6.5840/raft	90.386s
