=== RUN   TestSnapshotBasic3D
Test (3D): snapshots basic ...
  ... Passed --   7.0  3  138   46584  218
--- PASS: TestSnapshotBasic3D (7.00s)
=== RUN   TestSnapshotInstall3D
Test (3D): install snapshots (disconnect) ...
  ... Passed --  85.3  3 2017  760686  347
--- PASS: TestSnapshotInstall3D (85.33s)
=== RUN   TestSnapshotInstallUnreliable3D
Test (3D): install snapshots (disconnect+unreliable) ...
  ... Passed --  79.7  3 2050  780562  331
--- PASS: TestSnapshotInstallUnreliable3D (79.74s)
=== RUN   TestSnapshotInstallCrash3D
Test (3D): install snapshots (crash) ...
  ... Passed --  37.6  3  749  418607  339
--- PASS: TestSnapshotInstallCrash3D (37.57s)
=== RUN   TestSnapshotInstallUnCrash3D
Test (3D): install snapshots (unreliable+crash) ...
  ... Passed --  43.4  3  880  460796  337
--- PASS: TestSnapshotInstallUnCrash3D (43.44s)
=== RUN   TestSnapshotAllCrash3D
Test (3D): crash and restart all servers ...
  ... Passed --  13.8  3  264   73164   60
--- PASS: TestSnapshotAllCrash3D (13.76s)
=== RUN   TestSnapshotInit3D
Test (3D): snapshot initialization after crash ...
  ... Passed --   3.7  3   68   18462   14
--- PASS: TestSnapshotInit3D (3.72s)
PASS
ok  	6.5840/raft	270.889s
